Exporter version: 5.3-beta, Blender version: 2.78 (sub 0)
========= Conversion from Blender to Babylon.js =========
	Scene settings used:
		selected layers only:  false
		flat shading entire scene:  false
		inline textures:  false
		texture directory:  D:\WIN7_USER\Desktop\babay\New Folder\
	Python World class constructor completed
	WARNING: No active camera has been assigned, or is not in a currently selected Blender layer
	processing begun of mesh:  mdcloth1
		processing begun of Standard material:  Material28200.001
			Diffuse texture found "c_broadcloth_maroon_R209_G209_B209.png"
				Image texture found, type:  diffuseTexture, mapped using: "UVMap"
		num positions      :  33810
		num normals        :  33810
		num uvs            :  67620
		num uvs2           :  0
		num colors         :  0
		num indices        :  175680
		WARNING: # of 0 area faces found:  2810
========= Writing of files started =========
========= Writing of files completed =========
========= end of processing =========
elapsed time:  0 min, 7.173 secs
